
> trin-furniture@1.0.0 dev
> vite


  VITE v5.4.20  ready in 289 ms

  ➜  Local:   http://localhost:3000/
  ➜  Network: http://172.20.3.1:3000/
8:49:05 AM [vite] Internal server error: Failed to resolve import "@/components/Layout" from "src/pages/Home.tsx". Does the file exist?
  Plugin: vite:import-analysis
  File: /home/workspace/src/pages/Home.tsx:2:23
  1  |  import { jsxDEV } from "react/jsx-dev-runtime";
  2  |  import React from "react";
  3  |  import { Layout } from "@/components/Layout";
     |                          ^
  4  |  import { HeroCover } from "@/components/HeroCover";
  5  |  import { Section, Container, FadeStagger, FadeItem } from "@/components/Sections";
      at TransformPluginContext._formatError (file:///home/workspace/node_modules/vite/dist/node/chunks/dep-D_zLpgQd.js:49258:41)
      at TransformPluginContext.error (file:///home/workspace/node_modules/vite/dist/node/chunks/dep-D_zLpgQd.js:49253:16)
      at normalizeUrl (file:///home/workspace/node_modules/vite/dist/node/chunks/dep-D_zLpgQd.js:64306:23)
      at process.processTicksAndRejections (node:internal/process/task_queues:105:5)
      at async file:///home/workspace/node_modules/vite/dist/node/chunks/dep-D_zLpgQd.js:64438:39
      at async Promise.all (index 2)
      at async TransformPluginContext.transform (file:///home/workspace/node_modules/vite/dist/node/chunks/dep-D_zLpgQd.js:64365:7)
      at async PluginContainer.transform (file:///home/workspace/node_modules/vite/dist/node/chunks/dep-D_zLpgQd.js:49099:18)
      at async loadAndTransform (file:///home/workspace/node_modules/vite/dist/node/chunks/dep-D_zLpgQd.js:51977:27)
8:49:24 AM [vite] Internal server error: Failed to resolve import "@/components/Layout" from "src/pages/Home.tsx". Does the file exist?
  Plugin: vite:import-analysis
  File: /home/workspace/src/pages/Home.tsx:2:23
  1  |  import { jsxDEV } from "react/jsx-dev-runtime";
  2  |  import React from "react";
  3  |  import { Layout } from "@/components/Layout";
     |                          ^
  4  |  import { HeroCover } from "@/components/HeroCover";
  5  |  import { Section, Container, FadeStagger, FadeItem } from "@/components/Sections";
      at TransformPluginContext._formatError (file:///home/workspace/node_modules/vite/dist/node/chunks/dep-D_zLpgQd.js:49258:41)
      at TransformPluginContext.error (file:///home/workspace/node_modules/vite/dist/node/chunks/dep-D_zLpgQd.js:49253:16)
      at normalizeUrl (file:///home/workspace/node_modules/vite/dist/node/chunks/dep-D_zLpgQd.js:64306:23)
      at process.processTicksAndRejections (node:internal/process/task_queues:105:5)
      at async file:///home/workspace/node_modules/vite/dist/node/chunks/dep-D_zLpgQd.js:64438:39
      at async Promise.all (index 2)
      at async TransformPluginContext.transform (file:///home/workspace/node_modules/vite/dist/node/chunks/dep-D_zLpgQd.js:64365:7)
      at async PluginContainer.transform (file:///home/workspace/node_modules/vite/dist/node/chunks/dep-D_zLpgQd.js:49099:18)
      at async loadAndTransform (file:///home/workspace/node_modules/vite/dist/node/chunks/dep-D_zLpgQd.js:51977:27)
      at async viteTransformMiddleware (file:///home/workspace/node_modules/vite/dist/node/chunks/dep-D_zLpgQd.js:62105:24)
